c:\users\jagan\documents\github\comp4300\project-win32\project-win32\debug\vc140.pdb
c:\users\jagan\documents\github\comp4300\project-win32\project-win32\debug\vc140.idb
c:\users\jagan\documents\github\comp4300\project-win32\project-win32\debug\project-win32.obj
c:\users\me\documents\github\comp4300\project-win32\project-win32\debug\vc140.pdb
c:\users\me\documents\github\comp4300\project-win32\project-win32\debug\vc140.idb
c:\users\me\documents\github\comp4300\project-win32\project-win32\debug\analyzer.obj
c:\users\jagan\documents\github\comp4300\project-win32\debug\project-win32.ilk
c:\users\jagan\documents\github\comp4300\project-win32\debug\project-win32.exe
c:\users\jagan\documents\github\comp4300\project-win32\debug\project-win32.pdb
c:\users\me\documents\github\comp4300\project-win32\debug\project-win32.ilk
c:\users\me\documents\github\comp4300\project-win32\debug\project-win32.exe
c:\users\me\documents\github\comp4300\project-win32\debug\project-win32.pdb
c:\users\me\documents\github\comp4300\project-win32\project-win32\debug\project-win32.res
c:\users\me\documents\github\comp4300\project-win32\project-win32\debug\project-win32.obj
c:\users\me\documents\github\comp4300\project-win32\project-win32\debug\project-win32.tlog\cl.command.1.tlog
c:\users\me\documents\github\comp4300\project-win32\project-win32\debug\project-win32.tlog\cl.read.1.tlog
c:\users\me\documents\github\comp4300\project-win32\project-win32\debug\project-win32.tlog\cl.write.1.tlog
c:\users\me\documents\github\comp4300\project-win32\project-win32\debug\project-win32.tlog\link.command.1.tlog
c:\users\me\documents\github\comp4300\project-win32\project-win32\debug\project-win32.tlog\link.read.1.tlog
c:\users\me\documents\github\comp4300\project-win32\project-win32\debug\project-win32.tlog\link.write.1.tlog
c:\users\me\documents\github\comp4300\project-win32\project-win32\debug\project-win32.tlog\rc.command.1.tlog
c:\users\me\documents\github\comp4300\project-win32\project-win32\debug\project-win32.tlog\rc.read.1.tlog
c:\users\me\documents\github\comp4300\project-win32\project-win32\debug\project-win32.tlog\rc.write.1.tlog
